<?xml version="1.0" encoding="UTF-8"?>
<!-- Generated by org.testng.reporters.JUnitXMLReporter -->
<testsuite hostname="Dilhumars-MBP.lan1" ignored="0" name="Default test" tests="7" failures="0" timestamp="2020-10-30T10:12:25 EDT" time="33.465" errors="0">
  <testcase name="verifyLoginPageTitle" time="0.081" classname="com.qa.orangehrm.tests.LoginPageTest"/>
  <testcase name="verifyForgetPassLink" time="0.654" classname="com.qa.orangehrm.tests.LoginPageTest"/>
  <testcase name="loginTest" time="4.557" classname="com.qa.orangehrm.tests.LoginPageTest"/>
  <testcase name="login_InvalidTestCase" time="2.522" classname="com.qa.orangehrm.tests.LoginPageTest"/>
  <testcase name="login_InvalidTestCase" time="2.495" classname="com.qa.orangehrm.tests.LoginPageTest"/>
  <testcase name="login_InvalidTestCase" time="2.424" classname="com.qa.orangehrm.tests.LoginPageTest"/>
  <testcase name="login_InvalidTestCase" time="2.447" classname="com.qa.orangehrm.tests.LoginPageTest"/>
</testsuite> <!-- Default test -->
