<?xml version="1.0" encoding="UTF-8"?>
<!-- Generated by org.testng.reporters.JUnitXMLReporter -->
<testsuite hostname="Dilhumars-MacBook-Pro.local" ignored="0" name="Default test" tests="4" failures="0" timestamp="2020-10-19T11:53:54 EDT" time="164.581" errors="0">
  <testcase name="addEmployeeTest" time="71.093" classname="com.qa.orangehrm.tests.AddEmployeeTest"/>
  <testcase name="addEmployeeTest" time="66.045" classname="com.qa.orangehrm.tests.AddEmployeeTest"/>
  <testcase name="addEmployeeTest" time="5.039" classname="com.qa.orangehrm.tests.AddEmployeeTest"/>
  <testcase name="addEmployeeTest" time="5.045" classname="com.qa.orangehrm.tests.AddEmployeeTest"/>
</testsuite> <!-- Default test -->
