<?xml version="1.0" encoding="UTF-8"?>
<!-- Generated by org.testng.reporters.JUnitXMLReporter -->
<testsuite ignored="1" hostname="Dilhumars-MacBook-Pro.local" failures="0" tests="2" name="Command line test" time="9.422" errors="0" timestamp="14 Oct 2020 19:58:04 GMT">
  <testcase classname="com.qa.orangehrm.tests.HomePageTest" name="verifyHomePageTitle" time="0.006"/>
  <testcase classname="com.qa.orangehrm.tests.LoginPageTest" name="verifyLoginPageTitle" time="0.004"/>
  <testcase classname="com.qa.orangehrm.tests.LoginPageTest" name="login_InvalidTestCase" time="0.0">
    <ignored/>
  </testcase> <!-- login_InvalidTestCase -->
</testsuite> <!-- Command line test -->
