<?xml version="1.0" encoding="UTF-8"?>
<!-- Generated by org.testng.reporters.JUnitXMLReporter -->
<testsuite hostname="Dilhumars-MacBook-Pro.local" ignored="0" name="Orange HRM Regression Tests -- firefox" tests="11" failures="0" timestamp="2020-11-04T16:27:54 EST" time="164.269" errors="0">
  <testcase name="verifyHomePageTitle" time="27.347" classname="com.qa.orangehrm.tests.HomePageTest"/>
  <testcase name="verifyLoginPageTitle" time="43.744" classname="com.qa.orangehrm.tests.LoginPageTest"/>
  <testcase name="verifyHomePageHeader" time="20.559" classname="com.qa.orangehrm.tests.HomePageTest"/>
  <testcase name="verifyForgetPassLink" time="16.129" classname="com.qa.orangehrm.tests.LoginPageTest"/>
  <testcase name="verifyLoggedInUserTest" time="20.027" classname="com.qa.orangehrm.tests.HomePageTest"/>
  <testcase name="loginTest" time="28.227" classname="com.qa.orangehrm.tests.LoginPageTest"/>
  <testcase name="verifyAuthentication" time="19.58" classname="com.qa.orangehrm.tests.HomePageTest"/>
  <testcase name="login_InvalidTestCase" time="14.385" classname="com.qa.orangehrm.tests.LoginPageTest"/>
  <testcase name="login_InvalidTestCase" time="7.32" classname="com.qa.orangehrm.tests.LoginPageTest"/>
  <testcase name="login_InvalidTestCase" time="7.314" classname="com.qa.orangehrm.tests.LoginPageTest"/>
  <testcase name="login_InvalidTestCase" time="7.267" classname="com.qa.orangehrm.tests.LoginPageTest"/>
</testsuite> <!-- Orange HRM Regression Tests - firefox -->
