<?xml version="1.0" encoding="UTF-8"?>
<!-- Generated by org.testng.reporters.JUnitXMLReporter -->
<testsuite hostname="Dilhumars-MacBook-Pro.local" ignored="0" name="Orange HRM Regression Tests -- chrome" tests="11" failures="0" timestamp="2020-11-04T16:27:16 EST" time="124.122" errors="0">
  <testcase name="verifyHomePageTitle" time="22.399" classname="com.qa.orangehrm.tests.HomePageTest"/>
  <testcase name="verifyLoginPageTitle" time="35.068" classname="com.qa.orangehrm.tests.LoginPageTest"/>
  <testcase name="verifyHomePageHeader" time="10.607" classname="com.qa.orangehrm.tests.HomePageTest"/>
  <testcase name="verifyForgetPassLink" time="13.528" classname="com.qa.orangehrm.tests.LoginPageTest"/>
  <testcase name="loginTest" time="10.961" classname="com.qa.orangehrm.tests.LoginPageTest"/>
  <testcase name="verifyLoggedInUserTest" time="24.729" classname="com.qa.orangehrm.tests.HomePageTest"/>
  <testcase name="login_InvalidTestCase" time="11.415" classname="com.qa.orangehrm.tests.LoginPageTest"/>
  <testcase name="login_InvalidTestCase" time="7.92" classname="com.qa.orangehrm.tests.LoginPageTest"/>
  <testcase name="verifyAuthentication" time="14.75" classname="com.qa.orangehrm.tests.HomePageTest"/>
  <testcase name="login_InvalidTestCase" time="12.845" classname="com.qa.orangehrm.tests.LoginPageTest"/>
  <testcase name="login_InvalidTestCase" time="8.223" classname="com.qa.orangehrm.tests.LoginPageTest"/>
</testsuite> <!-- Orange HRM Regression Tests - chrome -->
