<?xml version="1.0" encoding="UTF-8"?>
<!-- Generated by org.testng.reporters.JUnitXMLReporter -->
<testsuite hostname="Dilhumars-MacBook-Pro.local" ignored="1" name="Orange HRM Regression Tests -- firefox" tests="7" failures="0" timestamp="2020-10-16T20:20:16 EDT" time="94.733" errors="0">
  <testcase name="verifyLoginPageTitle" time="5.078" classname="com.qa.orangehrm.tests.LoginPageTest"/>
  <testcase name="verifyHomePageTitle" time="19.831" classname="com.qa.orangehrm.tests.HomePageTest"/>
  <testcase name="verifyForgetPassLink" time="26.392" classname="com.qa.orangehrm.tests.LoginPageTest"/>
  <testcase name="verifyHomePageHeader" time="19.741" classname="com.qa.orangehrm.tests.HomePageTest"/>
  <testcase name="loginTest" time="13.055" classname="com.qa.orangehrm.tests.LoginPageTest"/>
  <testcase name="verifyLoggedInUserTest" time="9.365" classname="com.qa.orangehrm.tests.HomePageTest"/>
  <testcase name="verifyAuthentication" time="5.414" classname="com.qa.orangehrm.tests.HomePageTest"/>
  <testcase name="login_InvalidTestCase" time="0.0" classname="com.qa.orangehrm.tests.LoginPageTest">
    <ignored/>
  </testcase> <!-- login_InvalidTestCase -->
</testsuite> <!-- Orange HRM Regression Tests - firefox -->
