<?xml version="1.0" encoding="UTF-8"?>
<!-- Generated by org.testng.reporters.JUnitXMLReporter -->
<testsuite hostname="Dilhumars-MacBook-Pro.local" name="Orange HRM Regression Test" tests="7" failures="7" timestamp="15 Oct 2020 00:37:29 GMT" time="27.874" errors="0">
  <testcase name="verifyLoginPageTitle" time="0.003" classname="com.qa.orangehrm.tests.LoginPageTest">
    <failure type="java.lang.NoSuchMethodError" message="org.testng.ITestNGMethod.getQualifiedName()Ljava/lang/String;">
      <![CDATA[java.lang.NoSuchMethodError: org.testng.ITestNGMethod.getQualifiedName()Ljava/lang/String;
	at com.qa.orangehrm.listeners.ExtentReportListener.onTestStart(ExtentReportListener.java:59)
... Removed 21 stack frames]]>
    </failure>
  </testcase> <!-- verifyLoginPageTitle -->
  <testcase name="verifyForgetPassLink" time="0.0" classname="com.qa.orangehrm.tests.LoginPageTest">
    <failure type="java.lang.NoSuchMethodError" message="org.testng.ITestNGMethod.getQualifiedName()Ljava/lang/String;">
      <![CDATA[java.lang.NoSuchMethodError: org.testng.ITestNGMethod.getQualifiedName()Ljava/lang/String;
	at com.qa.orangehrm.listeners.ExtentReportListener.onTestStart(ExtentReportListener.java:59)
... Removed 21 stack frames]]>
    </failure>
  </testcase> <!-- verifyForgetPassLink -->
  <testcase name="loginTest" time="0.001" classname="com.qa.orangehrm.tests.LoginPageTest">
    <failure type="java.lang.NoSuchMethodError" message="org.testng.ITestNGMethod.getQualifiedName()Ljava/lang/String;">
      <![CDATA[java.lang.NoSuchMethodError: org.testng.ITestNGMethod.getQualifiedName()Ljava/lang/String;
	at com.qa.orangehrm.listeners.ExtentReportListener.onTestStart(ExtentReportListener.java:59)
... Removed 21 stack frames]]>
    </failure>
  </testcase> <!-- loginTest -->
  <testcase name="verifyHomePageTitle" time="0.001" classname="com.qa.orangehrm.tests.HomePageTest">
    <failure type="java.lang.NoSuchMethodError" message="org.testng.ITestNGMethod.getQualifiedName()Ljava/lang/String;">
      <![CDATA[java.lang.NoSuchMethodError: org.testng.ITestNGMethod.getQualifiedName()Ljava/lang/String;
	at com.qa.orangehrm.listeners.ExtentReportListener.onTestStart(ExtentReportListener.java:59)
... Removed 21 stack frames]]>
    </failure>
  </testcase> <!-- verifyHomePageTitle -->
  <testcase name="verifyHomePageHeader" time="0.001" classname="com.qa.orangehrm.tests.HomePageTest">
    <failure type="java.lang.NoSuchMethodError" message="org.testng.ITestNGMethod.getQualifiedName()Ljava/lang/String;">
      <![CDATA[java.lang.NoSuchMethodError: org.testng.ITestNGMethod.getQualifiedName()Ljava/lang/String;
	at com.qa.orangehrm.listeners.ExtentReportListener.onTestStart(ExtentReportListener.java:59)
... Removed 21 stack frames]]>
    </failure>
  </testcase> <!-- verifyHomePageHeader -->
  <testcase name="verifyLoggedInUserTest" time="0.0" classname="com.qa.orangehrm.tests.HomePageTest">
    <failure type="java.lang.NoSuchMethodError" message="org.testng.ITestNGMethod.getQualifiedName()Ljava/lang/String;">
      <![CDATA[java.lang.NoSuchMethodError: org.testng.ITestNGMethod.getQualifiedName()Ljava/lang/String;
	at com.qa.orangehrm.listeners.ExtentReportListener.onTestStart(ExtentReportListener.java:59)
... Removed 21 stack frames]]>
    </failure>
  </testcase> <!-- verifyLoggedInUserTest -->
  <testcase name="verifyAuthentication" time="0.0" classname="com.qa.orangehrm.tests.HomePageTest">
    <failure type="java.lang.NoSuchMethodError" message="org.testng.ITestNGMethod.getQualifiedName()Ljava/lang/String;">
      <![CDATA[java.lang.NoSuchMethodError: org.testng.ITestNGMethod.getQualifiedName()Ljava/lang/String;
	at com.qa.orangehrm.listeners.ExtentReportListener.onTestStart(ExtentReportListener.java:59)
... Removed 21 stack frames]]>
    </failure>
  </testcase> <!-- verifyAuthentication -->
</testsuite> <!-- Orange HRM Regression Test -->
