<?xml version="1.0" encoding="UTF-8"?>
<!-- Generated by org.testng.reporters.JUnitXMLReporter -->
<testsuite ignored="3" hostname="Dilhumars-MacBook-Pro.local" failures="0" tests="1" name="Command line test" time="7.434" errors="0" timestamp="14 Oct 2020 19:59:26 GMT">
  <testcase classname="com.qa.orangehrm.tests.LoginPageTest" name="loginTest" time="4.238"/>
  <testcase classname="com.qa.orangehrm.tests.LoginPageTest" name="login_InvalidTestCase" time="0.0">
    <ignored/>
  </testcase> <!-- login_InvalidTestCase -->
  <testcase classname="com.qa.orangehrm.tests.LoginPageTest" name="verifyLoginPageTitle" time="0.0">
    <ignored/>
  </testcase> <!-- verifyLoginPageTitle -->
  <testcase classname="com.qa.orangehrm.tests.LoginPageTest" name="verifyForgetPassLink" time="0.0">
    <ignored/>
  </testcase> <!-- verifyForgetPassLink -->
</testsuite> <!-- Command line test -->
