<?xml version="1.0" encoding="UTF-8"?>
<!-- Generated by org.testng.reporters.JUnitXMLReporter -->
<testsuite hostname="Dilhumars-MacBook-Pro.local" name="Orange HRM Smoke Test" tests="2" failures="0" timestamp="8 Oct 2020 01:10:59 GMT" time="9.569" errors="0">
  <testcase name="loginTest" time="1.826" classname="com.qa.orangehrm.tests.LoginPageTest"/>
  <testcase name="verifyLoggedInUserTest" time="0.019" classname="com.qa.orangehrm.tests.HomePageTest"/>
</testsuite> <!-- Orange HRM Smoke Test -->
